<?xml version="1.0" encoding="UTF-8"?>
<testsuite xmlns:xsi="http://www.w3.org/2001/XMLSchema-instance" xsi:noNamespaceSchemaLocation="https://maven.apache.org/surefire/maven-surefire-plugin/xsd/surefire-test-report.xsd" name="fr.iuteam.websem_accidents_routiers.WebsemAccidentsRoutiersApplicationTests" time="3.951" tests="10" errors="0" skipped="0" failures="0">
  <properties>
[...]
</properties>
  <testcase name="testOrderBy" classname="fr.iuteam.websem_accidents_routiers.WebsemAccidentsRoutiersApplicationTests" time="0.51"/>
  <testcase name="testSelectSparql" classname="fr.iuteam.websem_accidents_routiers.WebsemAccidentsRoutiersApplicationTests" time="0.956"/>
  <testcase name="testGroupBy" classname="fr.iuteam.websem_accidents_routiers.WebsemAccidentsRoutiersApplicationTests" time="0.003"/>
  <testcase name="testOrderByAsc" classname="fr.iuteam.websem_accidents_routiers.WebsemAccidentsRoutiersApplicationTests" time="0.005"/>
  <testcase name="testLimitOffset" classname="fr.iuteam.websem_accidents_routiers.WebsemAccidentsRoutiersApplicationTests" time="0.004"/>
  <testcase name="testOrderByDesc" classname="fr.iuteam.websem_accidents_routiers.WebsemAccidentsRoutiersApplicationTests" time="0.003"/>
  <testcase name="testAndFilter" classname="fr.iuteam.websem_accidents_routiers.WebsemAccidentsRoutiersApplicationTests" time="0.004"/>
  <testcase name="testAndHaving" classname="fr.iuteam.websem_accidents_routiers.WebsemAccidentsRoutiersApplicationTests" time="0.004"/>
  <testcase name="testOrFilter" classname="fr.iuteam.websem_accidents_routiers.WebsemAccidentsRoutiersApplicationTests" time="0.003"/>
  <testcase name="testOrHaving" classname="fr.iuteam.websem_accidents_routiers.WebsemAccidentsRoutiersApplicationTests" time="0.002"/>
</testsuite>